<?xml version="1.0" encoding="UTF-8"?>
<!-- Generated by org.testng.reporters.JUnitXMLReporter -->
<testsuite ignored="0" hostname="PF35M8AK" failures="1" tests="3" name="Params" time="0.662" errors="0" timestamp="2023-03-06T15:11:25 CET">
  <testcase classname="seleniumCourse.TestSet" name="correctLogin" time="0.226">
    <failure type="java.lang.AssertionError" message="expected [true] but found [false]">
      <![CDATA[java.lang.AssertionError: expected [true] but found [false]
at seleniumCourse.TestSet.correctLogin(TestSet.java:58)
at java.base/java.util.ArrayList.forEach(ArrayList.java:1511)
... Removed 31 stack frames]]>
    </failure>
  </testcase> <!-- correctLogin -->
  <testcase classname="seleniumCourse.TestSet" name="incorrectLogin" time="0.175"/>
  <testcase classname="seleniumCourse.TestSet" name="loginAsAdmin" time="0.184"/>
</testsuite> <!-- Params -->
